Added Pin To Net: NetName=NetDS1_1 Pin=DS1-1
Added Pin To Net: NetName=NetDS1_2 Pin=DS1-2
Added Pin To Net: NetName=DB9-5 Pin=DS1-3
Added Pin To Net: NetName=NetDS1_4 Pin=DS1-4
Added Pin To Net: NetName=NetDS1_6 Pin=DS1-6
Added Pin To Net: NetName=NetDS1_7 Pin=DS1-7
Added Pin To Net: NetName=DB9-5 Pin=DS1-8
Added Pin To Net: NetName=NetDS1_9 Pin=DS1-9
Added Pin To Net: NetName=NetDS1_10 Pin=DS1-10
Added Pin To Net: NetName=NetDS3_1 Pin=DS3-1
Added Pin To Net: NetName=NetDS3_2 Pin=DS3-2
Added Pin To Net: NetName=DB9-5 Pin=DS3-3
Added Pin To Net: NetName=NetDS3_4 Pin=DS3-4
Added Pin To Net: NetName=NetDS3_6 Pin=DS3-6
Added Pin To Net: NetName=NetDS3_7 Pin=DS3-7
Added Pin To Net: NetName=DB9-5 Pin=DS3-8
Added Pin To Net: NetName=NetDS3_9 Pin=DS3-9
Added Pin To Net: NetName=NetDS3_10 Pin=DS3-10
Added Pin To Net: NetName=NetDS1_1 Pin=U10-1
Added Pin To Net: NetName=NetDS1_9 Pin=U10-2
Added Pin To Net: NetName=NetDS1_10 Pin=U10-3
Added Pin To Net: NetName=A0 Pin=U10-5
Added Pin To Net: NetName=A1 Pin=U10-6
Added Pin To Net: NetName=LE Pin=U10-7
Added Pin To Net: NetName=DB9-5 Pin=U10-8
Added Pin To Net: NetName=A2 Pin=U10-9
Added Pin To Net: NetName=A3 Pin=U10-10
Added Pin To Net: NetName=NetDS1_7 Pin=U10-12
Added Pin To Net: NetName=NetDS1_6 Pin=U10-13
Added Pin To Net: NetName=NetDS1_4 Pin=U10-14
Added Pin To Net: NetName=NetDS1_2 Pin=U10-15
Added Pin To Net: NetName=VCC Pin=U10-16
Added Pin To Net: NetName=NetDS3_1 Pin=U12-1
Added Pin To Net: NetName=NetDS3_9 Pin=U12-2
Added Pin To Net: NetName=NetDS3_10 Pin=U12-3
Added Pin To Net: NetName=A4 Pin=U12-5
Added Pin To Net: NetName=A5 Pin=U12-6
Added Pin To Net: NetName=LE Pin=U12-7
Added Pin To Net: NetName=DB9-5 Pin=U12-8
Added Pin To Net: NetName=A6 Pin=U12-9
Added Pin To Net: NetName=A7 Pin=U12-10
Added Pin To Net: NetName=NetDS3_7 Pin=U12-12
Added Pin To Net: NetName=NetDS3_6 Pin=U12-13
Added Pin To Net: NetName=NetDS3_4 Pin=U12-14
Added Pin To Net: NetName=NetDS3_2 Pin=U12-15
Added Pin To Net: NetName=VCC Pin=U12-16
Added Member To Class: ClassName=BusViewer Member=Component DS1 Dpy Blue-CC
Added Member To Class: ClassName=BusViewer Member=Component DS3 Dpy Blue-CC
Added Member To Class: ClassName=BusViewer Member=Component U10 MC14495
Added Member To Class: ClassName=BusViewer Member=Component U12 MC14495
