Added Component: Designator=C1(RAD-0.3)
Added Component: Designator=C2(RAD-0.3)
Added Component: Designator=C3(RAD-0.3)
Added Component: Designator=C4(RAD-0.3)
Added Component: Designator=C5(RAD-0.1)
Added Component: Designator=C6(RAD-0.2)
Added Component: Designator=C7(RAD-0.1)
Added Component: Designator=C8(RAD-0.1)
Added Component: Designator=C9(RAD-0.1)
Added Component: Designator=C10(RAD-0.4)
Added Component: Designator=C11(RAD-0.3)
Added Component: Designator=C12(RAD-0.1)
Added Component: Designator=C13(RAD-0.1)
Added Component: Designator=C14(RAD-0.1)
Added Component: Designator=C15(RAD-0.1)
Added Component: Designator=C16(RAD-0.1)
Added Component: Designator=C17(RAD-0.1)
Added Component: Designator=C18(RAD-0.1)
Added Component: Designator=C19(RAD-0.1)
Added Component: Designator=C20(RAD-0.1)
Added Component: Designator=C21(RAD-0.1)
Added Component: Designator=C22(RAD-0.1)
Added Component: Designator=C23(RAD-0.1)
Added Component: Designator=D1(DO-35)
Added Component: Designator=D2(DO-35)
Added Component: Designator=DS1(H)
Added Component: Designator=DS2(H)
Added Component: Designator=DS3(H)
Added Component: Designator=DS4(H)
Added Component: Designator=DS5(H)
Added Component: Designator=DS6(H)
Added Component: Designator=J1(DSUB1.385-2H9)
Added Component: Designator=J2(KLD-0202)
Added Component: Designator=P1(MHDR2X5)
Added Component: Designator=P2(HDR2X8)
Added Component: Designator=P3(MHDR2X5)
Added Component: Designator=P4(MHDR2X5)
Added Component: Designator=P5(MHDR2X5)
Added Component: Designator=P6(0973264X804)
Added Component: Designator=P7(MHDR2X5)
Added Component: Designator=R1(AXIAL-0.4)
Added Component: Designator=R2(AXIAL-0.4)
Added Component: Designator=R3(AXIAL-0.4)
Added Component: Designator=R4(AXIAL-0.4)
Added Component: Designator=R5(AXIAL-0.4)
Added Component: Designator=R6(AXIAL-0.4)
Added Component: Designator=R7(AXIAL-0.4)
Added Component: Designator=S1(SW_3WAY)
Added Component: Designator=S2(SW_2WAY)
Added Component: Designator=S3(SW_2WAY)
Added Component: Designator=S4(DPST-4)
Added Component: Designator=S5(DPST-4)
Added Component: Designator=U1(PDIP40)
Added Component: Designator=U2(PDIP28)
Added Component: Designator=U3(PDIP28)
Added Component: Designator=U4(PLCC44_SOCKET)
Added Component: Designator=U5(PDIP28)
Added Component: Designator=U6(PLCC44_SOCKET)
Added Component: Designator=U8(PDIP28)
Added Component: Designator=U9(PDIP40)
Added Component: Designator=U10(DIP16)
Added Component: Designator=U11(DIP16)
Added Component: Designator=U12(DIP16)
Added Component: Designator=U13(DIP16)
Added Component: Designator=U14(DIP16)
Added Component: Designator=U15(DIP16)
Added Component: Designator=U16(P008)
Added Component: Designator=U17(DIP14)
Added Component: Designator=U18(TO220ABN)
Added Component: Designator=Y1(RAD-0.2)
Added Pin To Net: NetName=A0 Pin=U1-30
Added Pin To Net: NetName=A0 Pin=U2-10
Added Pin To Net: NetName=A0 Pin=U3-10
Added Pin To Net: NetName=A0 Pin=U4-9
Added Pin To Net: NetName=A0 Pin=U5-10
Added Pin To Net: NetName=A0 Pin=U6-28
Added Pin To Net: NetName=A0 Pin=U8-18
Added Pin To Net: NetName=A0 Pin=U9-6
Added Pin To Net: NetName=A0 Pin=U10-5
Added Net: Name=A0
Added Pin To Net: NetName=A1 Pin=U1-31
Added Pin To Net: NetName=A1 Pin=U2-9
Added Pin To Net: NetName=A1 Pin=U3-9
Added Pin To Net: NetName=A1 Pin=U4-8
Added Pin To Net: NetName=A1 Pin=U5-9
Added Pin To Net: NetName=A1 Pin=U6-27
Added Pin To Net: NetName=A1 Pin=U8-19
Added Pin To Net: NetName=A1 Pin=U9-5
Added Pin To Net: NetName=A1 Pin=U10-6
Added Net: Name=A1
Added Pin To Net: NetName=A2 Pin=U1-32
Added Pin To Net: NetName=A2 Pin=U2-8
Added Pin To Net: NetName=A2 Pin=U3-8
Added Pin To Net: NetName=A2 Pin=U4-7
Added Pin To Net: NetName=A2 Pin=U5-8
Added Pin To Net: NetName=A2 Pin=U6-26
Added Pin To Net: NetName=A2 Pin=U10-9
Added Net: Name=A2
Added Pin To Net: NetName=A3 Pin=U1-33
Added Pin To Net: NetName=A3 Pin=U2-7
Added Pin To Net: NetName=A3 Pin=U3-7
Added Pin To Net: NetName=A3 Pin=U4-6
Added Pin To Net: NetName=A3 Pin=U5-7
Added Pin To Net: NetName=A3 Pin=U10-10
Added Net: Name=A3
Added Pin To Net: NetName=A4 Pin=U1-34
Added Pin To Net: NetName=A4 Pin=U2-6
Added Pin To Net: NetName=A4 Pin=U3-6
Added Pin To Net: NetName=A4 Pin=U4-5
Added Pin To Net: NetName=A4 Pin=U5-6
Added Pin To Net: NetName=A4 Pin=U12-5
Added Net: Name=A4
Added Pin To Net: NetName=A5 Pin=U1-35
Added Pin To Net: NetName=A5 Pin=U2-5
Added Pin To Net: NetName=A5 Pin=U3-5
Added Pin To Net: NetName=A5 Pin=U4-4
Added Pin To Net: NetName=A5 Pin=U5-5
Added Pin To Net: NetName=A5 Pin=U12-6
Added Net: Name=A5
Added Pin To Net: NetName=A6 Pin=U1-36
Added Pin To Net: NetName=A6 Pin=U2-4
Added Pin To Net: NetName=A6 Pin=U3-4
Added Pin To Net: NetName=A6 Pin=U4-3
Added Pin To Net: NetName=A6 Pin=U5-4
Added Pin To Net: NetName=A6 Pin=U12-9
Added Net: Name=A6
Added Pin To Net: NetName=A7 Pin=U1-37
Added Pin To Net: NetName=A7 Pin=U2-3
Added Pin To Net: NetName=A7 Pin=U3-3
Added Pin To Net: NetName=A7 Pin=U4-2
Added Pin To Net: NetName=A7 Pin=U5-3
Added Pin To Net: NetName=A7 Pin=U12-10
Added Net: Name=A7
Added Pin To Net: NetName=A8 Pin=U1-38
Added Pin To Net: NetName=A8 Pin=U2-25
Added Pin To Net: NetName=A8 Pin=U3-25
Added Pin To Net: NetName=A8 Pin=U4-14
Added Pin To Net: NetName=A8 Pin=U5-25
Added Pin To Net: NetName=A8 Pin=U14-5
Added Net: Name=A8
Added Pin To Net: NetName=A9 Pin=U1-39
Added Pin To Net: NetName=A9 Pin=U2-24
Added Pin To Net: NetName=A9 Pin=U3-24
Added Pin To Net: NetName=A9 Pin=U4-15
Added Pin To Net: NetName=A9 Pin=U5-24
Added Pin To Net: NetName=A9 Pin=U14-6
Added Net: Name=A9
Added Pin To Net: NetName=A10 Pin=U1-40
Added Pin To Net: NetName=A10 Pin=U2-21
Added Pin To Net: NetName=A10 Pin=U3-21
Added Pin To Net: NetName=A10 Pin=U4-16
Added Pin To Net: NetName=A10 Pin=U5-21
Added Pin To Net: NetName=A10 Pin=U14-9
Added Net: Name=A10
Added Pin To Net: NetName=A11 Pin=U1-1
Added Pin To Net: NetName=A11 Pin=U2-23
Added Pin To Net: NetName=A11 Pin=U3-23
Added Pin To Net: NetName=A11 Pin=U4-17
Added Pin To Net: NetName=A11 Pin=U5-23
Added Pin To Net: NetName=A11 Pin=U14-10
Added Net: Name=A11
Added Pin To Net: NetName=A12 Pin=U1-2
Added Pin To Net: NetName=A12 Pin=U2-2
Added Pin To Net: NetName=A12 Pin=U3-2
Added Pin To Net: NetName=A12 Pin=U4-18
Added Pin To Net: NetName=A12 Pin=U5-2
Added Pin To Net: NetName=A12 Pin=U15-5
Added Net: Name=A12
Added Pin To Net: NetName=A13 Pin=U1-3
Added Pin To Net: NetName=A13 Pin=U3-26
Added Pin To Net: NetName=A13 Pin=U4-19
Added Pin To Net: NetName=A13 Pin=U15-6
Added Net: Name=A13
Added Pin To Net: NetName=A14 Pin=U1-4
Added Pin To Net: NetName=A14 Pin=U3-1
Added Pin To Net: NetName=A14 Pin=U4-20
Added Pin To Net: NetName=A14 Pin=U15-9
Added Net: Name=A14
Added Pin To Net: NetName=A15 Pin=U1-5
Added Pin To Net: NetName=A15 Pin=U4-21
Added Pin To Net: NetName=A15 Pin=U15-10
Added Net: Name=A15
Added Pin To Net: NetName=B\U\S\A\C\K\ Pin=U1-23
Added Net: Name=B\U\S\A\C\K\
Added Pin To Net: NetName=B\U\S\R\E\Q\ Pin=U1-25
Added Net: Name=B\U\S\R\E\Q\
Added Pin To Net: NetName=C\S\C\T\C\ Pin=U4-28
Added Pin To Net: NetName=C\S\C\T\C\ Pin=U8-16
Added Net: Name=C\S\C\T\C\
Added Pin To Net: NetName=C\S\P\I\O\ Pin=U4-29
Added Pin To Net: NetName=C\S\P\I\O\ Pin=U9-4
Added Net: Name=C\S\P\I\O\
Added Pin To Net: NetName=C\S\R\A\M\ Pin=U3-20
Added Pin To Net: NetName=C\S\R\A\M\ Pin=U4-26
Added Net: Name=C\S\R\A\M\
Added Pin To Net: NetName=C\S\R\O\M\H\ Pin=U4-25
Added Pin To Net: NetName=C\S\R\O\M\H\ Pin=U5-20
Added Net: Name=C\S\R\O\M\H\
Added Pin To Net: NetName=C\S\R\O\M\L\ Pin=U2-20
Added Pin To Net: NetName=C\S\R\O\M\L\ Pin=U4-24
Added Net: Name=C\S\R\O\M\L\
Added Pin To Net: NetName=C\S\U\A\R\T\ Pin=U4-27
Added Pin To Net: NetName=C\S\U\A\R\T\ Pin=U6-14
Added Net: Name=C\S\U\A\R\T\
Added Pin To Net: NetName=C\T\S\ Pin=P2-7
Added Pin To Net: NetName=C\T\S\ Pin=P3-4
Added Pin To Net: NetName=C\T\S\ Pin=U6-36
Added Net: Name=C\T\S\
Added Pin To Net: NetName=CLK1 Pin=C7-2
Added Pin To Net: NetName=CLK1 Pin=D1-2
Added Pin To Net: NetName=CLK1 Pin=R5-2
Added Net: Name=CLK1
Added Pin To Net: NetName=CLK2 Pin=U16-3
Added Net: Name=CLK2
Added Pin To Net: NetName=CLK3 Pin=U17-8
Added Net: Name=CLK3
Added Pin To Net: NetName=CLK Pin=U1-6
Added Pin To Net: NetName=CLK Pin=U4-11
Added Pin To Net: NetName=CLK Pin=U4-33
Added Pin To Net: NetName=CLK Pin=U8-15
Added Pin To Net: NetName=CLK Pin=U9-25
Added Net: Name=CLK
Added Pin To Net: NetName=D0 Pin=U1-14
Added Pin To Net: NetName=D0 Pin=U2-11
Added Pin To Net: NetName=D0 Pin=U3-11
Added Pin To Net: NetName=D0 Pin=U5-11
Added Pin To Net: NetName=D0 Pin=U6-1
Added Pin To Net: NetName=D0 Pin=U8-25
Added Pin To Net: NetName=D0 Pin=U9-19
Added Pin To Net: NetName=D0 Pin=U11-5
Added Net: Name=D0
Added Pin To Net: NetName=D1 Pin=U1-15
Added Pin To Net: NetName=D1 Pin=U2-12
Added Pin To Net: NetName=D1 Pin=U3-12
Added Pin To Net: NetName=D1 Pin=U5-12
Added Pin To Net: NetName=D1 Pin=U6-2
Added Pin To Net: NetName=D1 Pin=U8-26
Added Pin To Net: NetName=D1 Pin=U9-20
Added Pin To Net: NetName=D1 Pin=U11-6
Added Net: Name=D1
Added Pin To Net: NetName=D2 Pin=U1-12
Added Pin To Net: NetName=D2 Pin=U2-13
Added Pin To Net: NetName=D2 Pin=U3-13
Added Pin To Net: NetName=D2 Pin=U5-13
Added Pin To Net: NetName=D2 Pin=U6-3
Added Pin To Net: NetName=D2 Pin=U8-27
Added Pin To Net: NetName=D2 Pin=U9-1
Added Pin To Net: NetName=D2 Pin=U11-9
Added Net: Name=D2
Added Pin To Net: NetName=D3 Pin=U1-8
Added Pin To Net: NetName=D3 Pin=U2-15
Added Pin To Net: NetName=D3 Pin=U3-15
Added Pin To Net: NetName=D3 Pin=U5-15
Added Pin To Net: NetName=D3 Pin=U6-4
Added Pin To Net: NetName=D3 Pin=U8-28
Added Pin To Net: NetName=D3 Pin=U9-40
Added Pin To Net: NetName=D3 Pin=U11-10
Added Net: Name=D3
Added Pin To Net: NetName=D4 Pin=U1-7
Added Pin To Net: NetName=D4 Pin=U2-16
Added Pin To Net: NetName=D4 Pin=U3-16
Added Pin To Net: NetName=D4 Pin=U5-16
Added Pin To Net: NetName=D4 Pin=U6-5
Added Pin To Net: NetName=D4 Pin=U8-1
Added Pin To Net: NetName=D4 Pin=U9-39
Added Pin To Net: NetName=D4 Pin=U13-5
Added Net: Name=D4
Added Pin To Net: NetName=D5 Pin=U1-9
Added Pin To Net: NetName=D5 Pin=U2-17
Added Pin To Net: NetName=D5 Pin=U3-17
Added Pin To Net: NetName=D5 Pin=U5-17
Added Pin To Net: NetName=D5 Pin=U6-6
Added Pin To Net: NetName=D5 Pin=U8-2
Added Pin To Net: NetName=D5 Pin=U9-38
Added Pin To Net: NetName=D5 Pin=U13-6
Added Net: Name=D5
Added Pin To Net: NetName=D6 Pin=U1-10
Added Pin To Net: NetName=D6 Pin=U2-18
Added Pin To Net: NetName=D6 Pin=U3-18
Added Pin To Net: NetName=D6 Pin=U5-18
Added Pin To Net: NetName=D6 Pin=U6-7
Added Pin To Net: NetName=D6 Pin=U8-3
Added Pin To Net: NetName=D6 Pin=U9-3
Added Pin To Net: NetName=D6 Pin=U13-9
Added Net: Name=D6
Added Pin To Net: NetName=D7 Pin=U1-13
Added Pin To Net: NetName=D7 Pin=U2-19
Added Pin To Net: NetName=D7 Pin=U3-19
Added Pin To Net: NetName=D7 Pin=U5-19
Added Pin To Net: NetName=D7 Pin=U6-8
Added Pin To Net: NetName=D7 Pin=U8-4
Added Pin To Net: NetName=D7 Pin=U9-2
Added Pin To Net: NetName=D7 Pin=U13-10
Added Net: Name=D7
Added Pin To Net: NetName=D\C\D\ Pin=P2-13
Added Pin To Net: NetName=D\C\D\ Pin=P3-7
Added Pin To Net: NetName=D\C\D\ Pin=U6-38
Added Net: Name=D\C\D\
Added Pin To Net: NetName=D\S\R\ Pin=P2-11
Added Pin To Net: NetName=D\S\R\ Pin=P3-6
Added Pin To Net: NetName=D\S\R\ Pin=U6-37
Added Net: Name=D\S\R\
Added Pin To Net: NetName=D\T\R\ Pin=P2-9
Added Pin To Net: NetName=D\T\R\ Pin=P3-5
Added Pin To Net: NetName=D\T\R\ Pin=U6-33
Added Net: Name=D\T\R\
Added Pin To Net: NetName=DB9-1 Pin=J1-1
Added Net: Name=DB9-1
Added Pin To Net: NetName=DB9-2 Pin=J1-2
Added Net: Name=DB9-2
Added Pin To Net: NetName=DB9-3 Pin=J1-3
Added Net: Name=DB9-3
Added Pin To Net: NetName=DB9-4 Pin=J1-4
Added Net: Name=DB9-4
Added Pin To Net: NetName=DB9-5 Pin=C4-2
Added Pin To Net: NetName=DB9-5 Pin=C5-2
Added Pin To Net: NetName=DB9-5 Pin=C6-2
Added Pin To Net: NetName=DB9-5 Pin=C7-1
Added Pin To Net: NetName=DB9-5 Pin=C8-1
Added Pin To Net: NetName=DB9-5 Pin=C9-1
Added Pin To Net: NetName=DB9-5 Pin=C10-1
Added Pin To Net: NetName=DB9-5 Pin=C11-1
Added Pin To Net: NetName=DB9-5 Pin=C12-1
Added Pin To Net: NetName=DB9-5 Pin=C13-1
Added Pin To Net: NetName=DB9-5 Pin=C14-1
Added Pin To Net: NetName=DB9-5 Pin=C15-1
Added Pin To Net: NetName=DB9-5 Pin=C16-1
Added Pin To Net: NetName=DB9-5 Pin=C17-1
Added Pin To Net: NetName=DB9-5 Pin=C18-1
Added Pin To Net: NetName=DB9-5 Pin=C19-1
Added Pin To Net: NetName=DB9-5 Pin=C20-1
Added Pin To Net: NetName=DB9-5 Pin=C21-1
Added Pin To Net: NetName=DB9-5 Pin=C22-1
Added Pin To Net: NetName=DB9-5 Pin=C23-1
Added Pin To Net: NetName=DB9-5 Pin=DS1-3
Added Pin To Net: NetName=DB9-5 Pin=DS1-8
Added Pin To Net: NetName=DB9-5 Pin=DS2-3
Added Pin To Net: NetName=DB9-5 Pin=DS2-8
Added Pin To Net: NetName=DB9-5 Pin=DS3-3
Added Pin To Net: NetName=DB9-5 Pin=DS3-8
Added Pin To Net: NetName=DB9-5 Pin=DS4-3
Added Pin To Net: NetName=DB9-5 Pin=DS4-8
Added Pin To Net: NetName=DB9-5 Pin=DS5-3
Added Pin To Net: NetName=DB9-5 Pin=DS5-8
Added Pin To Net: NetName=DB9-5 Pin=DS6-3
Added Pin To Net: NetName=DB9-5 Pin=DS6-8
Added Pin To Net: NetName=DB9-5 Pin=J1-5
Added Pin To Net: NetName=DB9-5 Pin=J2-2
Added Pin To Net: NetName=DB9-5 Pin=J2-2A
Added Pin To Net: NetName=DB9-5 Pin=J2-2B
Added Pin To Net: NetName=DB9-5 Pin=P1-8
Added Pin To Net: NetName=DB9-5 Pin=P1-10
Added Pin To Net: NetName=DB9-5 Pin=P3-9
Added Pin To Net: NetName=DB9-5 Pin=P4-10
Added Pin To Net: NetName=DB9-5 Pin=P5-10
Added Pin To Net: NetName=DB9-5 Pin=P7-5
Added Pin To Net: NetName=DB9-5 Pin=P7-6
Added Pin To Net: NetName=DB9-5 Pin=P7-7
Added Pin To Net: NetName=DB9-5 Pin=P7-8
Added Pin To Net: NetName=DB9-5 Pin=P7-10
Added Pin To Net: NetName=DB9-5 Pin=S2-1
Added Pin To Net: NetName=DB9-5 Pin=S3-1
Added Pin To Net: NetName=DB9-5 Pin=S4-1
Added Pin To Net: NetName=DB9-5 Pin=S5-1
Added Pin To Net: NetName=DB9-5 Pin=U1-29
Added Pin To Net: NetName=DB9-5 Pin=U2-14
Added Pin To Net: NetName=DB9-5 Pin=U3-14
Added Pin To Net: NetName=DB9-5 Pin=U4-1
Added Pin To Net: NetName=DB9-5 Pin=U4-12
Added Pin To Net: NetName=DB9-5 Pin=U4-23
Added Pin To Net: NetName=DB9-5 Pin=U4-34
Added Pin To Net: NetName=DB9-5 Pin=U5-14
Added Pin To Net: NetName=DB9-5 Pin=U6-12
Added Pin To Net: NetName=DB9-5 Pin=U6-13
Added Pin To Net: NetName=DB9-5 Pin=U6-19
Added Pin To Net: NetName=DB9-5 Pin=U6-20
Added Pin To Net: NetName=DB9-5 Pin=U6-22
Added Pin To Net: NetName=DB9-5 Pin=U8-5
Added Pin To Net: NetName=DB9-5 Pin=U9-11
Added Pin To Net: NetName=DB9-5 Pin=U9-16
Added Pin To Net: NetName=DB9-5 Pin=U9-17
Added Pin To Net: NetName=DB9-5 Pin=U10-8
Added Pin To Net: NetName=DB9-5 Pin=U11-8
Added Pin To Net: NetName=DB9-5 Pin=U12-8
Added Pin To Net: NetName=DB9-5 Pin=U13-8
Added Pin To Net: NetName=DB9-5 Pin=U14-8
Added Pin To Net: NetName=DB9-5 Pin=U15-8
Added Pin To Net: NetName=DB9-5 Pin=U16-1
Added Pin To Net: NetName=DB9-5 Pin=U17-7
Added Pin To Net: NetName=DB9-5 Pin=U18-3
Added Net: Name=DB9-5
Added Pin To Net: NetName=DB9-6 Pin=J1-6
Added Net: Name=DB9-6
Added Pin To Net: NetName=DB9-7 Pin=J1-7
Added Net: Name=DB9-7
Added Pin To Net: NetName=DB9-8 Pin=J1-8
Added Net: Name=DB9-8
Added Pin To Net: NetName=DB9-9 Pin=J1-9
Added Net: Name=DB9-9
Added Pin To Net: NetName=H\A\L\T\ Pin=U1-18
Added Net: Name=H\A\L\T\
Added Pin To Net: NetName=I\N\T\ Pin=U1-16
Added Pin To Net: NetName=I\N\T\ Pin=U8-12
Added Pin To Net: NetName=I\N\T\ Pin=U9-23
Added Net: Name=I\N\T\
Added Pin To Net: NetName=I\O\R\Q\ Pin=U1-20
Added Pin To Net: NetName=I\O\R\Q\ Pin=U8-10
Added Pin To Net: NetName=I\O\R\Q\ Pin=U9-36
Added Net: Name=I\O\R\Q\
Added Pin To Net: NetName=LE Pin=S3-2
Added Pin To Net: NetName=LE Pin=U10-7
Added Pin To Net: NetName=LE Pin=U11-7
Added Pin To Net: NetName=LE Pin=U12-7
Added Pin To Net: NetName=LE Pin=U13-7
Added Pin To Net: NetName=LE Pin=U14-7
Added Pin To Net: NetName=LE Pin=U15-7
Added Net: Name=LE
Added Pin To Net: NetName=M\1\ Pin=U1-27
Added Pin To Net: NetName=M\1\ Pin=U8-14
Added Pin To Net: NetName=M\1\ Pin=U9-37
Added Net: Name=M\1\
Added Pin To Net: NetName=M\R\E\Q\ Pin=U1-19
Added Net: Name=M\R\E\Q\
Added Pin To Net: NetName=NetC1_1 Pin=C1-1
Added Net: Name=NetC1_1
Added Pin To Net: NetName=NetC1_2 Pin=C1-2
Added Net: Name=NetC1_2
Added Pin To Net: NetName=NetC2_1 Pin=C2-1
Added Net: Name=NetC2_1
Added Pin To Net: NetName=NetC3_1 Pin=C3-1
Added Net: Name=NetC3_1
Added Pin To Net: NetName=NetC3_2 Pin=C3-2
Added Net: Name=NetC3_2
Added Pin To Net: NetName=NetC4_1 Pin=C4-1
Added Net: Name=NetC4_1
Added Pin To Net: NetName=NetC5_1 Pin=C5-1
Added Pin To Net: NetName=NetC5_1 Pin=R2-2
Added Pin To Net: NetName=NetC5_1 Pin=U6-16
Added Pin To Net: NetName=NetC5_1 Pin=Y1-1
Added Net: Name=NetC5_1
Added Pin To Net: NetName=NetC6_1 Pin=C6-1
Added Pin To Net: NetName=NetC6_1 Pin=R1-1
Added Pin To Net: NetName=NetC6_1 Pin=R2-1
Added Pin To Net: NetName=NetC6_1 Pin=Y1-2
Added Net: Name=NetC6_1
Added Pin To Net: NetName=NetC9_2 Pin=C9-2
Added Pin To Net: NetName=NetC9_2 Pin=R7-1
Added Pin To Net: NetName=NetC9_2 Pin=U16-2
Added Pin To Net: NetName=NetC9_2 Pin=U16-6
Added Net: Name=NetC9_2
Added Pin To Net: NetName=NetC10_2 Pin=C10-2
Added Pin To Net: NetName=NetC10_2 Pin=U16-5
Added Net: Name=NetC10_2
Added Pin To Net: NetName=NetC11_2 Pin=C11-2
Added Pin To Net: NetName=NetC11_2 Pin=J2-1
Added Pin To Net: NetName=NetC11_2 Pin=J2-1A
Added Pin To Net: NetName=NetC11_2 Pin=J2-1B
Added Pin To Net: NetName=NetC11_2 Pin=U18-1
Added Net: Name=NetC11_2
Added Pin To Net: NetName=NetD1_1 Pin=D1-1
Added Pin To Net: NetName=NetD1_1 Pin=R3-1
Added Pin To Net: NetName=NetD1_1 Pin=R5-1
Added Pin To Net: NetName=NetD1_1 Pin=S5-2
Added Net: Name=NetD1_1
Added Pin To Net: NetName=NetDS1_1 Pin=DS1-1
Added Pin To Net: NetName=NetDS1_1 Pin=U10-1
Added Net: Name=NetDS1_1
Added Pin To Net: NetName=NetDS1_2 Pin=DS1-2
Added Pin To Net: NetName=NetDS1_2 Pin=U10-15
Added Net: Name=NetDS1_2
Added Pin To Net: NetName=NetDS1_4 Pin=DS1-4
Added Pin To Net: NetName=NetDS1_4 Pin=U10-14
Added Net: Name=NetDS1_4
Added Pin To Net: NetName=NetDS1_6 Pin=DS1-6
Added Pin To Net: NetName=NetDS1_6 Pin=U10-13
Added Net: Name=NetDS1_6
Added Pin To Net: NetName=NetDS1_7 Pin=DS1-7
Added Pin To Net: NetName=NetDS1_7 Pin=U10-12
Added Net: Name=NetDS1_7
Added Pin To Net: NetName=NetDS1_9 Pin=DS1-9
Added Pin To Net: NetName=NetDS1_9 Pin=U10-2
Added Net: Name=NetDS1_9
Added Pin To Net: NetName=NetDS1_10 Pin=DS1-10
Added Pin To Net: NetName=NetDS1_10 Pin=U10-3
Added Net: Name=NetDS1_10
Added Pin To Net: NetName=NetDS2_1 Pin=DS2-1
Added Pin To Net: NetName=NetDS2_1 Pin=U11-1
Added Net: Name=NetDS2_1
Added Pin To Net: NetName=NetDS2_2 Pin=DS2-2
Added Pin To Net: NetName=NetDS2_2 Pin=U11-15
Added Net: Name=NetDS2_2
Added Pin To Net: NetName=NetDS2_4 Pin=DS2-4
Added Pin To Net: NetName=NetDS2_4 Pin=U11-14
Added Net: Name=NetDS2_4
Added Pin To Net: NetName=NetDS2_6 Pin=DS2-6
Added Pin To Net: NetName=NetDS2_6 Pin=U11-13
Added Net: Name=NetDS2_6
Added Pin To Net: NetName=NetDS2_7 Pin=DS2-7
Added Pin To Net: NetName=NetDS2_7 Pin=U11-12
Added Net: Name=NetDS2_7
Added Pin To Net: NetName=NetDS2_9 Pin=DS2-9
Added Pin To Net: NetName=NetDS2_9 Pin=U11-2
Added Net: Name=NetDS2_9
Added Pin To Net: NetName=NetDS2_10 Pin=DS2-10
Added Pin To Net: NetName=NetDS2_10 Pin=U11-3
Added Net: Name=NetDS2_10
Added Pin To Net: NetName=NetDS3_1 Pin=DS3-1
Added Pin To Net: NetName=NetDS3_1 Pin=U12-1
Added Net: Name=NetDS3_1
Added Pin To Net: NetName=NetDS3_2 Pin=DS3-2
Added Pin To Net: NetName=NetDS3_2 Pin=U12-15
Added Net: Name=NetDS3_2
Added Pin To Net: NetName=NetDS3_4 Pin=DS3-4
Added Pin To Net: NetName=NetDS3_4 Pin=U12-14
Added Net: Name=NetDS3_4
Added Pin To Net: NetName=NetDS3_6 Pin=DS3-6
Added Pin To Net: NetName=NetDS3_6 Pin=U12-13
Added Net: Name=NetDS3_6
Added Pin To Net: NetName=NetDS3_7 Pin=DS3-7
Added Pin To Net: NetName=NetDS3_7 Pin=U12-12
Added Net: Name=NetDS3_7
Added Pin To Net: NetName=NetDS3_9 Pin=DS3-9
Added Pin To Net: NetName=NetDS3_9 Pin=U12-2
Added Net: Name=NetDS3_9
Added Pin To Net: NetName=NetDS3_10 Pin=DS3-10
Added Pin To Net: NetName=NetDS3_10 Pin=U12-3
Added Net: Name=NetDS3_10
Added Pin To Net: NetName=NetDS4_1 Pin=DS4-1
Added Pin To Net: NetName=NetDS4_1 Pin=U13-1
Added Net: Name=NetDS4_1
Added Pin To Net: NetName=NetDS4_2 Pin=DS4-2
Added Pin To Net: NetName=NetDS4_2 Pin=U13-15
Added Net: Name=NetDS4_2
Added Pin To Net: NetName=NetDS4_4 Pin=DS4-4
Added Pin To Net: NetName=NetDS4_4 Pin=U13-14
Added Net: Name=NetDS4_4
Added Pin To Net: NetName=NetDS4_6 Pin=DS4-6
Added Pin To Net: NetName=NetDS4_6 Pin=U13-13
Added Net: Name=NetDS4_6
Added Pin To Net: NetName=NetDS4_7 Pin=DS4-7
Added Pin To Net: NetName=NetDS4_7 Pin=U13-12
Added Net: Name=NetDS4_7
Added Pin To Net: NetName=NetDS4_9 Pin=DS4-9
Added Pin To Net: NetName=NetDS4_9 Pin=U13-2
Added Net: Name=NetDS4_9
Added Pin To Net: NetName=NetDS4_10 Pin=DS4-10
Added Pin To Net: NetName=NetDS4_10 Pin=U13-3
Added Net: Name=NetDS4_10
Added Pin To Net: NetName=NetDS5_1 Pin=DS5-1
Added Pin To Net: NetName=NetDS5_1 Pin=U14-1
Added Net: Name=NetDS5_1
Added Pin To Net: NetName=NetDS5_2 Pin=DS5-2
Added Pin To Net: NetName=NetDS5_2 Pin=U14-15
Added Net: Name=NetDS5_2
Added Pin To Net: NetName=NetDS5_4 Pin=DS5-4
Added Pin To Net: NetName=NetDS5_4 Pin=U14-14
Added Net: Name=NetDS5_4
Added Pin To Net: NetName=NetDS5_6 Pin=DS5-6
Added Pin To Net: NetName=NetDS5_6 Pin=U14-13
Added Net: Name=NetDS5_6
Added Pin To Net: NetName=NetDS5_7 Pin=DS5-7
Added Pin To Net: NetName=NetDS5_7 Pin=U14-12
Added Net: Name=NetDS5_7
Added Pin To Net: NetName=NetDS5_9 Pin=DS5-9
Added Pin To Net: NetName=NetDS5_9 Pin=U14-2
Added Net: Name=NetDS5_9
Added Pin To Net: NetName=NetDS5_10 Pin=DS5-10
Added Pin To Net: NetName=NetDS5_10 Pin=U14-3
Added Net: Name=NetDS5_10
Added Pin To Net: NetName=NetDS6_1 Pin=DS6-1
Added Pin To Net: NetName=NetDS6_1 Pin=U15-1
Added Net: Name=NetDS6_1
Added Pin To Net: NetName=NetDS6_2 Pin=DS6-2
Added Pin To Net: NetName=NetDS6_2 Pin=U15-15
Added Net: Name=NetDS6_2
Added Pin To Net: NetName=NetDS6_4 Pin=DS6-4
Added Pin To Net: NetName=NetDS6_4 Pin=U15-14
Added Net: Name=NetDS6_4
Added Pin To Net: NetName=NetDS6_6 Pin=DS6-6
Added Pin To Net: NetName=NetDS6_6 Pin=U15-13
Added Net: Name=NetDS6_6
Added Pin To Net: NetName=NetDS6_7 Pin=DS6-7
Added Pin To Net: NetName=NetDS6_7 Pin=U15-12
Added Net: Name=NetDS6_7
Added Pin To Net: NetName=NetDS6_9 Pin=DS6-9
Added Pin To Net: NetName=NetDS6_9 Pin=U15-2
Added Net: Name=NetDS6_9
Added Pin To Net: NetName=NetDS6_10 Pin=DS6-10
Added Pin To Net: NetName=NetDS6_10 Pin=U15-3
Added Net: Name=NetDS6_10
Added Pin To Net: NetName=NetJ2_3 Pin=J2-3
Added Pin To Net: NetName=NetJ2_3 Pin=J2-3A
Added Pin To Net: NetName=NetJ2_3 Pin=J2-3B
Added Net: Name=NetJ2_3
Added Pin To Net: NetName=NetP1_1 Pin=P1-1
Added Pin To Net: NetName=NetP1_1 Pin=U8-23
Added Net: Name=NetP1_1
Added Pin To Net: NetName=NetP1_2 Pin=P1-2
Added Pin To Net: NetName=NetP1_2 Pin=U8-7
Added Net: Name=NetP1_2
Added Pin To Net: NetName=NetP1_3 Pin=P1-3
Added Pin To Net: NetName=NetP1_3 Pin=U8-22
Added Net: Name=NetP1_3
Added Pin To Net: NetName=NetP1_4 Pin=P1-4
Added Pin To Net: NetName=NetP1_4 Pin=U8-8
Added Net: Name=NetP1_4
Added Pin To Net: NetName=NetP1_5 Pin=P1-5
Added Pin To Net: NetName=NetP1_5 Pin=U8-21
Added Net: Name=NetP1_5
Added Pin To Net: NetName=NetP1_6 Pin=P1-6
Added Pin To Net: NetName=NetP1_6 Pin=U8-9
Added Net: Name=NetP1_6
Added Pin To Net: NetName=NetP1_7 Pin=P1-7
Added Pin To Net: NetName=NetP1_7 Pin=U8-20
Added Net: Name=NetP1_7
Added Pin To Net: NetName=NetP2_2 Pin=P2-2
Added Net: Name=NetP2_2
Added Pin To Net: NetName=NetP2_4 Pin=P2-4
Added Net: Name=NetP2_4
Added Pin To Net: NetName=NetP2_6 Pin=P2-6
Added Net: Name=NetP2_6
Added Pin To Net: NetName=NetP2_8 Pin=P2-8
Added Net: Name=NetP2_8
Added Pin To Net: NetName=NetP2_10 Pin=P2-10
Added Net: Name=NetP2_10
Added Pin To Net: NetName=NetP2_12 Pin=P2-12
Added Net: Name=NetP2_12
Added Pin To Net: NetName=NetP2_14 Pin=P2-14
Added Net: Name=NetP2_14
Added Pin To Net: NetName=NetP2_16 Pin=P2-16
Added Net: Name=NetP2_16
Added Pin To Net: NetName=NetP4_1 Pin=P4-1
Added Pin To Net: NetName=NetP4_1 Pin=U9-15
Added Net: Name=NetP4_1
Added Pin To Net: NetName=NetP4_2 Pin=P4-2
Added Pin To Net: NetName=NetP4_2 Pin=U9-14
Added Net: Name=NetP4_2
Added Pin To Net: NetName=NetP4_3 Pin=P4-3
Added Pin To Net: NetName=NetP4_3 Pin=U9-13
Added Net: Name=NetP4_3
Added Pin To Net: NetName=NetP4_4 Pin=P4-4
Added Pin To Net: NetName=NetP4_4 Pin=U9-12
Added Net: Name=NetP4_4
Added Pin To Net: NetName=NetP4_5 Pin=P4-5
Added Pin To Net: NetName=NetP4_5 Pin=U9-10
Added Net: Name=NetP4_5
Added Pin To Net: NetName=NetP4_6 Pin=P4-6
Added Pin To Net: NetName=NetP4_6 Pin=U9-9
Added Net: Name=NetP4_6
Added Pin To Net: NetName=NetP4_7 Pin=P4-7
Added Pin To Net: NetName=NetP4_7 Pin=U9-8
Added Net: Name=NetP4_7
Added Pin To Net: NetName=NetP4_8 Pin=P4-8
Added Pin To Net: NetName=NetP4_8 Pin=U9-7
Added Net: Name=NetP4_8
Added Pin To Net: NetName=NetP5_1 Pin=P5-1
Added Pin To Net: NetName=NetP5_1 Pin=U9-27
Added Net: Name=NetP5_1
Added Pin To Net: NetName=NetP5_2 Pin=P5-2
Added Pin To Net: NetName=NetP5_2 Pin=U9-28
Added Net: Name=NetP5_2
Added Pin To Net: NetName=NetP5_3 Pin=P5-3
Added Pin To Net: NetName=NetP5_3 Pin=U9-29
Added Net: Name=NetP5_3
Added Pin To Net: NetName=NetP5_4 Pin=P5-4
Added Pin To Net: NetName=NetP5_4 Pin=U9-30
Added Net: Name=NetP5_4
Added Pin To Net: NetName=NetP5_5 Pin=P5-5
Added Pin To Net: NetName=NetP5_5 Pin=U9-31
Added Net: Name=NetP5_5
Added Pin To Net: NetName=NetP5_6 Pin=P5-6
Added Pin To Net: NetName=NetP5_6 Pin=U9-32
Added Net: Name=NetP5_6
Added Pin To Net: NetName=NetP5_7 Pin=P5-7
Added Pin To Net: NetName=NetP5_7 Pin=U9-33
Added Net: Name=NetP5_7
Added Pin To Net: NetName=NetP5_8 Pin=P5-8
Added Pin To Net: NetName=NetP5_8 Pin=U9-34
Added Net: Name=NetP5_8
Added Pin To Net: NetName=NetR1_2 Pin=R1-2
Added Pin To Net: NetName=NetR1_2 Pin=U6-17
Added Net: Name=NetR1_2
Added Pin To Net: NetName=NetR6_1 Pin=R6-1
Added Pin To Net: NetName=NetR6_1 Pin=R7-2
Added Pin To Net: NetName=NetR6_1 Pin=U16-7
Added Net: Name=NetR6_1
Added Pin To Net: NetName=NetS2_2 Pin=S2-2
Added Net: Name=NetS2_2
Added Pin To Net: NetName=NetU6_9 Pin=U6-9
Added Pin To Net: NetName=NetU6_9 Pin=U6-15
Added Net: Name=NetU6_9
Added Pin To Net: NetName=NMI Pin=U1-17
Added Net: Name=NMI
Added Pin To Net: NetName=R\D\ Pin=P6-33
Added Pin To Net: NetName=R\D\ Pin=U1-21
Added Pin To Net: NetName=R\D\ Pin=U2-22
Added Pin To Net: NetName=R\D\ Pin=U3-22
Added Pin To Net: NetName=R\D\ Pin=U5-22
Added Pin To Net: NetName=R\D\ Pin=U6-21
Added Pin To Net: NetName=R\D\ Pin=U8-6
Added Pin To Net: NetName=R\D\ Pin=U9-35
Added Net: Name=R\D\
Added Pin To Net: NetName=R\F\S\H\ Pin=U1-28
Added Net: Name=R\F\S\H\
Added Pin To Net: NetName=R\I\ Pin=P2-15
Added Pin To Net: NetName=R\I\ Pin=P3-8
Added Pin To Net: NetName=R\I\ Pin=U6-39
Added Net: Name=R\I\
Added Pin To Net: NetName=R\S\T\ Pin=C8-2
Added Pin To Net: NetName=R\S\T\ Pin=D2-1
Added Pin To Net: NetName=R\S\T\ Pin=R4-1
Added Pin To Net: NetName=R\S\T\ Pin=S4-2
Added Pin To Net: NetName=R\S\T\ Pin=U1-26
Added Pin To Net: NetName=R\S\T\ Pin=U8-17
Added Net: Name=R\S\T\
Added Pin To Net: NetName=R\T\S\ Pin=P2-5
Added Pin To Net: NetName=R\T\S\ Pin=P3-3
Added Pin To Net: NetName=R\T\S\ Pin=U6-32
Added Net: Name=R\T\S\
Added Pin To Net: NetName=RXD Pin=P2-3
Added Pin To Net: NetName=RXD Pin=P3-2
Added Pin To Net: NetName=RXD Pin=U6-10
Added Net: Name=RXD
Added Pin To Net: NetName=TCK Pin=P7-2
Added Pin To Net: NetName=TCK Pin=U4-13
Added Net: Name=TCK
Added Pin To Net: NetName=TDI Pin=P7-1
Added Pin To Net: NetName=TDI Pin=U4-10
Added Net: Name=TDI
Added Pin To Net: NetName=TDO Pin=P7-4
Added Pin To Net: NetName=TDO Pin=U4-35
Added Net: Name=TDO
Added Pin To Net: NetName=TMS Pin=P7-3
Added Pin To Net: NetName=TMS Pin=U4-32
Added Net: Name=TMS
Added Pin To Net: NetName=TXD Pin=P2-1
Added Pin To Net: NetName=TXD Pin=P3-1
Added Pin To Net: NetName=TXD Pin=U6-11
Added Net: Name=TXD
Added Pin To Net: NetName=VCC Pin=C2-2
Added Pin To Net: NetName=VCC Pin=C12-2
Added Pin To Net: NetName=VCC Pin=C13-2
Added Pin To Net: NetName=VCC Pin=C14-2
Added Pin To Net: NetName=VCC Pin=C15-2
Added Pin To Net: NetName=VCC Pin=C16-2
Added Pin To Net: NetName=VCC Pin=C17-2
Added Pin To Net: NetName=VCC Pin=C18-2
Added Pin To Net: NetName=VCC Pin=C19-2
Added Pin To Net: NetName=VCC Pin=C20-2
Added Pin To Net: NetName=VCC Pin=C21-2
Added Pin To Net: NetName=VCC Pin=C22-2
Added Pin To Net: NetName=VCC Pin=C23-2
Added Pin To Net: NetName=VCC Pin=D2-2
Added Pin To Net: NetName=VCC Pin=P1-9
Added Pin To Net: NetName=VCC Pin=P3-10
Added Pin To Net: NetName=VCC Pin=P4-9
Added Pin To Net: NetName=VCC Pin=P5-9
Added Pin To Net: NetName=VCC Pin=P7-9
Added Pin To Net: NetName=VCC Pin=R3-2
Added Pin To Net: NetName=VCC Pin=R4-2
Added Pin To Net: NetName=VCC Pin=R6-2
Added Pin To Net: NetName=VCC Pin=S2-3
Added Pin To Net: NetName=VCC Pin=S3-3
Added Pin To Net: NetName=VCC Pin=U1-11
Added Pin To Net: NetName=VCC Pin=U2-28
Added Pin To Net: NetName=VCC Pin=U3-28
Added Pin To Net: NetName=VCC Pin=U4-22
Added Pin To Net: NetName=VCC Pin=U4-44
Added Pin To Net: NetName=VCC Pin=U5-28
Added Pin To Net: NetName=VCC Pin=U6-40
Added Pin To Net: NetName=VCC Pin=U8-13
Added Pin To Net: NetName=VCC Pin=U8-24
Added Pin To Net: NetName=VCC Pin=U9-24
Added Pin To Net: NetName=VCC Pin=U9-26
Added Pin To Net: NetName=VCC Pin=U10-16
Added Pin To Net: NetName=VCC Pin=U11-16
Added Pin To Net: NetName=VCC Pin=U12-16
Added Pin To Net: NetName=VCC Pin=U13-16
Added Pin To Net: NetName=VCC Pin=U14-16
Added Pin To Net: NetName=VCC Pin=U15-16
Added Pin To Net: NetName=VCC Pin=U16-4
Added Pin To Net: NetName=VCC Pin=U16-8
Added Pin To Net: NetName=VCC Pin=U17-14
Added Pin To Net: NetName=VCC Pin=U18-2
Added Net: Name=VCC
Added Pin To Net: NetName=W\A\I\T\ Pin=U1-24
Added Net: Name=W\A\I\T\
Added Pin To Net: NetName=W\R\ Pin=U1-22
Added Pin To Net: NetName=W\R\ Pin=U2-27
Added Pin To Net: NetName=W\R\ Pin=U5-27
Added Pin To Net: NetName=W\R\ Pin=U6-18
Added Net: Name=W\R\
Added Class: Name=BusViewer
Added Class: Name=IODevices
Added Class: Name=MainSheet
Added Class: Name=Peripherals
Added Room: Name=BusViewer
Added Room: Name=IODevices
Added Room: Name=MainSheet
Added Room: Name=Peripherals
