Added Pin To Net: NetName=NetDS1_1 Pin=DS1-1
Added Pin To Net: NetName=NetDS1_2 Pin=DS1-2
Added Pin To Net: NetName=DB9-5 Pin=DS1-3
Added Pin To Net: NetName=NetDS1_4 Pin=DS1-4
Added Pin To Net: NetName=NetDS1_6 Pin=DS1-6
Added Pin To Net: NetName=NetDS1_7 Pin=DS1-7
Added Pin To Net: NetName=DB9-5 Pin=DS1-8
Added Pin To Net: NetName=NetDS1_9 Pin=DS1-9
Added Pin To Net: NetName=NetDS1_10 Pin=DS1-10
Added Pin To Net: NetName=NetDS2_1 Pin=DS2-1
Added Pin To Net: NetName=NetDS2_2 Pin=DS2-2
Added Pin To Net: NetName=DB9-5 Pin=DS2-3
Added Pin To Net: NetName=NetDS2_4 Pin=DS2-4
Added Pin To Net: NetName=NetDS2_6 Pin=DS2-6
Added Pin To Net: NetName=NetDS2_7 Pin=DS2-7
Added Pin To Net: NetName=DB9-5 Pin=DS2-8
Added Pin To Net: NetName=NetDS2_9 Pin=DS2-9
Added Pin To Net: NetName=NetDS2_10 Pin=DS2-10
Added Pin To Net: NetName=NetDS3_1 Pin=DS3-1
Added Pin To Net: NetName=NetDS3_2 Pin=DS3-2
Added Pin To Net: NetName=DB9-5 Pin=DS3-3
Added Pin To Net: NetName=NetDS3_4 Pin=DS3-4
Added Pin To Net: NetName=NetDS3_6 Pin=DS3-6
Added Pin To Net: NetName=NetDS3_7 Pin=DS3-7
Added Pin To Net: NetName=DB9-5 Pin=DS3-8
Added Pin To Net: NetName=NetDS3_9 Pin=DS3-9
Added Pin To Net: NetName=NetDS3_10 Pin=DS3-10
Added Pin To Net: NetName=NetDS4_1 Pin=DS4-1
Added Pin To Net: NetName=NetDS4_2 Pin=DS4-2
Added Pin To Net: NetName=DB9-5 Pin=DS4-3
Added Pin To Net: NetName=NetDS4_4 Pin=DS4-4
Added Pin To Net: NetName=NetDS4_6 Pin=DS4-6
Added Pin To Net: NetName=NetDS4_7 Pin=DS4-7
Added Pin To Net: NetName=DB9-5 Pin=DS4-8
Added Pin To Net: NetName=NetDS4_9 Pin=DS4-9
Added Pin To Net: NetName=NetDS4_10 Pin=DS4-10
Added Pin To Net: NetName=NetDS5_1 Pin=DS5-1
Added Pin To Net: NetName=NetDS5_2 Pin=DS5-2
Added Pin To Net: NetName=DB9-5 Pin=DS5-3
Added Pin To Net: NetName=NetDS5_4 Pin=DS5-4
Added Pin To Net: NetName=NetDS5_6 Pin=DS5-6
Added Pin To Net: NetName=NetDS5_7 Pin=DS5-7
Added Pin To Net: NetName=DB9-5 Pin=DS5-8
Added Pin To Net: NetName=NetDS5_9 Pin=DS5-9
Added Pin To Net: NetName=NetDS5_10 Pin=DS5-10
Added Pin To Net: NetName=NetDS6_1 Pin=DS6-1
Added Pin To Net: NetName=NetDS6_2 Pin=DS6-2
Added Pin To Net: NetName=DB9-5 Pin=DS6-3
Added Pin To Net: NetName=NetDS6_4 Pin=DS6-4
Added Pin To Net: NetName=NetDS6_6 Pin=DS6-6
Added Pin To Net: NetName=NetDS6_7 Pin=DS6-7
Added Pin To Net: NetName=DB9-5 Pin=DS6-8
Added Pin To Net: NetName=NetDS6_9 Pin=DS6-9
Added Pin To Net: NetName=NetDS6_10 Pin=DS6-10
Added Pin To Net: NetName=NetDS1_1 Pin=U10-1
Added Pin To Net: NetName=NetDS1_9 Pin=U10-2
Added Pin To Net: NetName=NetDS1_10 Pin=U10-3
Added Pin To Net: NetName=A0 Pin=U10-5
Added Pin To Net: NetName=A1 Pin=U10-6
Added Pin To Net: NetName=LE Pin=U10-7
Added Pin To Net: NetName=DB9-5 Pin=U10-8
Added Pin To Net: NetName=A2 Pin=U10-9
Added Pin To Net: NetName=A3 Pin=U10-10
Added Pin To Net: NetName=NetDS1_7 Pin=U10-12
Added Pin To Net: NetName=NetDS1_6 Pin=U10-13
Added Pin To Net: NetName=NetDS1_4 Pin=U10-14
Added Pin To Net: NetName=NetDS1_2 Pin=U10-15
Added Pin To Net: NetName=VCC Pin=U10-16
Added Pin To Net: NetName=NetDS2_1 Pin=U11-1
Added Pin To Net: NetName=NetDS2_9 Pin=U11-2
Added Pin To Net: NetName=NetDS2_10 Pin=U11-3
Added Pin To Net: NetName=D0 Pin=U11-5
Added Pin To Net: NetName=D1 Pin=U11-6
Added Pin To Net: NetName=LE Pin=U11-7
Added Pin To Net: NetName=DB9-5 Pin=U11-8
Added Pin To Net: NetName=D2 Pin=U11-9
Added Pin To Net: NetName=D3 Pin=U11-10
Added Pin To Net: NetName=NetDS2_7 Pin=U11-12
Added Pin To Net: NetName=NetDS2_6 Pin=U11-13
Added Pin To Net: NetName=NetDS2_4 Pin=U11-14
Added Pin To Net: NetName=NetDS2_2 Pin=U11-15
Added Pin To Net: NetName=VCC Pin=U11-16
Added Pin To Net: NetName=NetDS3_1 Pin=U12-1
Added Pin To Net: NetName=NetDS3_9 Pin=U12-2
Added Pin To Net: NetName=NetDS3_10 Pin=U12-3
Added Pin To Net: NetName=A4 Pin=U12-5
Added Pin To Net: NetName=A5 Pin=U12-6
Added Pin To Net: NetName=LE Pin=U12-7
Added Pin To Net: NetName=DB9-5 Pin=U12-8
Added Pin To Net: NetName=A6 Pin=U12-9
Added Pin To Net: NetName=A7 Pin=U12-10
Added Pin To Net: NetName=NetDS3_7 Pin=U12-12
Added Pin To Net: NetName=NetDS3_6 Pin=U12-13
Added Pin To Net: NetName=NetDS3_4 Pin=U12-14
Added Pin To Net: NetName=NetDS3_2 Pin=U12-15
Added Pin To Net: NetName=VCC Pin=U12-16
Added Pin To Net: NetName=NetDS4_1 Pin=U13-1
Added Pin To Net: NetName=NetDS4_9 Pin=U13-2
Added Pin To Net: NetName=NetDS4_10 Pin=U13-3
Added Pin To Net: NetName=D4 Pin=U13-5
Added Pin To Net: NetName=D5 Pin=U13-6
Added Pin To Net: NetName=LE Pin=U13-7
Added Pin To Net: NetName=DB9-5 Pin=U13-8
Added Pin To Net: NetName=D6 Pin=U13-9
Added Pin To Net: NetName=D7 Pin=U13-10
Added Pin To Net: NetName=NetDS4_7 Pin=U13-12
Added Pin To Net: NetName=NetDS4_6 Pin=U13-13
Added Pin To Net: NetName=NetDS4_4 Pin=U13-14
Added Pin To Net: NetName=NetDS4_2 Pin=U13-15
Added Pin To Net: NetName=VCC Pin=U13-16
Added Pin To Net: NetName=NetDS5_1 Pin=U14-1
Added Pin To Net: NetName=NetDS5_9 Pin=U14-2
Added Pin To Net: NetName=NetDS5_10 Pin=U14-3
Added Pin To Net: NetName=A8 Pin=U14-5
Added Pin To Net: NetName=A9 Pin=U14-6
Added Pin To Net: NetName=LE Pin=U14-7
Added Pin To Net: NetName=DB9-5 Pin=U14-8
Added Pin To Net: NetName=A10 Pin=U14-9
Added Pin To Net: NetName=A11 Pin=U14-10
Added Pin To Net: NetName=NetDS5_7 Pin=U14-12
Added Pin To Net: NetName=NetDS5_6 Pin=U14-13
Added Pin To Net: NetName=NetDS5_4 Pin=U14-14
Added Pin To Net: NetName=NetDS5_2 Pin=U14-15
Added Pin To Net: NetName=VCC Pin=U14-16
Added Pin To Net: NetName=NetDS6_1 Pin=U15-1
Added Pin To Net: NetName=NetDS6_9 Pin=U15-2
Added Pin To Net: NetName=NetDS6_10 Pin=U15-3
Added Pin To Net: NetName=A12 Pin=U15-5
Added Pin To Net: NetName=A13 Pin=U15-6
Added Pin To Net: NetName=LE Pin=U15-7
Added Pin To Net: NetName=DB9-5 Pin=U15-8
Added Pin To Net: NetName=A14 Pin=U15-9
Added Pin To Net: NetName=A15 Pin=U15-10
Added Pin To Net: NetName=NetDS6_7 Pin=U15-12
Added Pin To Net: NetName=NetDS6_6 Pin=U15-13
Added Pin To Net: NetName=NetDS6_4 Pin=U15-14
Added Pin To Net: NetName=NetDS6_2 Pin=U15-15
Added Pin To Net: NetName=VCC Pin=U15-16
Added Member To Class: ClassName=BusViewer Member=Component DS1 Dpy Blue-CC
Added Member To Class: ClassName=BusViewer Member=Component DS2 Dpy Blue-CC
Added Member To Class: ClassName=BusViewer Member=Component DS3 Dpy Blue-CC
Added Member To Class: ClassName=BusViewer Member=Component DS4 Dpy Blue-CC
Added Member To Class: ClassName=BusViewer Member=Component DS5 Dpy Blue-CC
Added Member To Class: ClassName=BusViewer Member=Component DS6 Dpy Blue-CC
Added Member To Class: ClassName=BusViewer Member=Component U10 MC14495
Added Member To Class: ClassName=BusViewer Member=Component U11 MC14495
Added Member To Class: ClassName=BusViewer Member=Component U12 MC14495
Added Member To Class: ClassName=BusViewer Member=Component U13 MC14495
Added Member To Class: ClassName=BusViewer Member=Component U14 MC14495
Added Member To Class: ClassName=BusViewer Member=Component U15 MC14495
